<?xml version="1.0" encoding="UTF-8"?>
<!-- Generated by org.testng.reporters.JUnitXMLReporter -->
<testsuite ignored="0" hostname="DESKTOP-5BL66H4" failures="0" tests="5" name="TestSuite1" time="0.146" errors="0" timestamp="2022-12-09T11:16:59 IST">
  <testcase classname="BatchTesting.LoginTest" name="LoginByMail" time="0.018"/>
  <testcase classname="BatchTesting.LoginTest" name="LoginByMoblieNumber" time="0.003"/>
  <testcase classname="BatchTesting.HomeScreenTest" name="LaunchApplication" time="0.003"/>
  <testcase classname="BatchTesting.HomeScreenTest" name="VerifyLogo" time="0.004"/>
  <testcase classname="BatchTesting.HomeScreenTest" name="VerifyTitle" time="0.002"/>
</testsuite> <!-- TestSuite1 -->
