<?xml version="1.0" encoding="UTF-8"?>
<!-- Generated by org.testng.reporters.JUnitXMLReporter -->
<testsuite ignored="1" hostname="DESKTOP-5BL66H4" failures="2" tests="8" name="ExecuteFailedTestCases(failed)" time="0.141" errors="0" timestamp="2023-03-23T12:37:11 IST">
  <testcase classname="RetryLogicDemo.TestCaseExmple" name="TestCase02" time="0.028">
    <skipped/>
  </testcase> <!-- TestCase02 -->
  <testcase classname="RetryLogicDemo.TestCaseExmple" name="TestCase02" time="0.002">
    <skipped/>
  </testcase> <!-- TestCase02 -->
  <testcase classname="RetryLogicDemo.TestCaseExmple" name="TestCase02" time="0.002">
    <skipped/>
  </testcase> <!-- TestCase02 -->
  <testcase classname="RetryLogicDemo.TestCaseExmple" name="TestCase02" time="0.004">
    <failure type="java.lang.AssertionError" message="expected [true] but found [false]">
      <![CDATA[java.lang.AssertionError: expected [true] but found [false]
at RetryLogicDemo.TestCaseExmple.TestCase02(TestCaseExmple.java:17)
at java.base/java.util.ArrayList.forEach(ArrayList.java:1511)
... Removed 29 stack frames]]>
    </failure>
  </testcase> <!-- TestCase02 -->
  <testcase classname="RetryLogicDemo.TestCaseExmple" name="TestCase01" time="0.003">
    <skipped/>
  </testcase> <!-- TestCase01 -->
  <testcase classname="RetryLogicDemo.TestCaseExmple" name="TestCase01" time="0.004">
    <skipped/>
  </testcase> <!-- TestCase01 -->
  <testcase classname="RetryLogicDemo.TestCaseExmple" name="TestCase01" time="0.002">
    <skipped/>
  </testcase> <!-- TestCase01 -->
  <testcase classname="RetryLogicDemo.TestCaseExmple" name="TestCase01" time="0.003">
    <failure type="java.lang.AssertionError" message="expected [true] but found [false]">
      <![CDATA[java.lang.AssertionError: expected [true] but found [false]
at RetryLogicDemo.TestCaseExmple.TestCase01(TestCaseExmple.java:11)
at java.base/java.util.ArrayList.forEach(ArrayList.java:1511)
... Removed 29 stack frames]]>
    </failure>
  </testcase> <!-- TestCase01 -->
  <testcase classname="RetryLogicDemo.TestCaseExmple" name="TestCase03" time="0.0">
    <ignored/>
  </testcase> <!-- TestCase03 -->
</testsuite> <!-- ExecuteFailedTestCases(failed) -->
