<?xml version="1.0" encoding="UTF-8"?>
<!-- Generated by org.testng.reporters.JUnitXMLReporter -->
<testsuite ignored="0" hostname="DESKTOP-5BL66H4" failures="0" tests="4" name="TestNGReportsExample" time="0.143" errors="0" timestamp="2023-04-01T12:24:57 IST">
  <testcase classname="TestNGReportsDemo.TestNGReportsExample" name="testMethod1" time="0.018"/>
  <testcase classname="TestNGReportsDemo.TestNGReportsExample" name="testMethod2" time="0.002"/>
  <testcase classname="TestNGReportsDemo.TestNGReportsExample" name="testMethod3" time="0.002"/>
  <testcase classname="TestNGReportsDemo.TestNGReportsExample" name="testMethod4" time="0.023"/>
</testsuite> <!-- TestNGReportsExample -->
