<?xml version="1.0" encoding="UTF-8"?>
<!-- Generated by org.testng.reporters.JUnitXMLReporter -->
<testsuite ignored="0" hostname="DESKTOP-5BL66H4" failures="0" tests="3" name="DataProviders_Test" time="86.898" errors="0" timestamp="2022-12-03T12:59:27 IST">
  <testcase classname="TestNG.TestNG.DataProviders" name="DataProviders_Googlesearch" time="19.803"/>
  <testcase classname="TestNG.TestNG.DataProviders" name="DataProviders_Googlesearch" time="35.088"/>
  <testcase classname="TestNG.TestNG.DataProviders" name="DataProviders_Googlesearch" time="31.924"/>
</testsuite> <!-- DataProviders_Test -->
