<?xml version="1.0" encoding="UTF-8"?>
<!-- Generated by org.testng.reporters.JUnitXMLReporter -->
<testsuite ignored="0" hostname="DESKTOP-5BL66H4" failures="0" tests="3" name="ParallelTesting_Demo" time="20.85" errors="0" timestamp="2022-12-06T19:51:06 IST">
  <testcase classname="TestNG.TestNG.ParallelTesting" name="verifyLogo" time="12.15"/>
  <testcase classname="TestNG.TestNG.ParallelTesting2" name="verifyLogin" time="12.15"/>
  <testcase classname="TestNG.TestNG.ParallelTesting" name="verifyTitle" time="8.64"/>
</testsuite> <!-- ParallelTesting_Demo -->
