<?xml version="1.0" encoding="UTF-8"?>
<!-- Generated by org.testng.reporters.JUnitXMLReporter -->
<testsuite ignored="0" hostname="DESKTOP-5BL66H4" failures="0" tests="5" name="TestSuite2" time="0.09" errors="0" timestamp="2022-12-09T11:17:00 IST">
  <testcase classname="BatchTesting.PaymentTest" name="CashOnDelivery" time="0.008"/>
  <testcase classname="BatchTesting.ProductPageTest" name="AddProductToCart" time="0.005"/>
  <testcase classname="BatchTesting.ProductPageTest" name="AddProductToWishlist" time="0.031"/>
  <testcase classname="BatchTesting.ProductPageTest" name="SelectQuantity" time="0.006"/>
  <testcase classname="BatchTesting.PaymentTest" name="NetBanking" time="0.048"/>
</testsuite> <!-- TestSuite2 -->
