<?xml version="1.0" encoding="UTF-8"?>
<!-- Generated by org.testng.reporters.JUnitXMLReporter -->
<testsuite ignored="0" hostname="DESKTOP-5BL66H4" failures="0" tests="4" name="Parameters" time="0.124" errors="0" timestamp="2022-11-30T22:22:33 IST">
  <testcase classname="TestNG.TestNG.TestNG_Parameters_Demo" name="add" time="0.024"/>
  <testcase classname="TestNG.TestNG.TestNG_Parameters_Demo" name="division" time="0.003"/>
  <testcase classname="TestNG.TestNG.TestNG_Parameters_Demo" name="multiplication" time="0.005"/>
  <testcase classname="TestNG.TestNG.TestNG_Parameters_Demo" name="substraction" time="0.003"/>
</testsuite> <!-- Parameters -->
