<?xml version="1.0" encoding="UTF-8"?>
<!-- Generated by org.testng.reporters.JUnitXMLReporter -->
<testsuite ignored="2" hostname="DESKTOP-5BL66H4" failures="0" tests="2" name="Group" time="0.083" errors="0" timestamp="2022-11-29T14:40:36 IST">
  <testcase classname="TestNG.TestNG.Annotation_GroupAttributes" name="maruti" time="0.016"/>
  <testcase classname="TestNG.TestNG.Annotation_GroupAttributes" name="tata" time="0.001"/>
  <testcase classname="TestNG.TestNG.Annotation_GroupAttributes" name="wipro" time="0.0">
    <ignored/>
  </testcase> <!-- wipro -->
  <testcase classname="TestNG.TestNG.Annotation_GroupAttributes" name="infosys" time="0.0">
    <ignored/>
  </testcase> <!-- infosys -->
</testsuite> <!-- Group -->
