<?xml version="1.0" encoding="UTF-8"?>
<!-- Generated by org.testng.reporters.JUnitXMLReporter -->
<testsuite ignored="0" hostname="DESKTOP-5BL66H4" failures="0" tests="4" name="AnnotationsTest" time="0.121" errors="0" timestamp="2022-11-28T22:11:20 IST">
  <testcase classname="TestNG.TestNG.Annotations" name="test1" time="0.016"/>
  <testcase classname="TestNG.TestNG.Annotations" name="test2" time="0.003"/>
  <testcase classname="TestNG.TestNG.Annotations_2" name="test3" time="0.001"/>
  <testcase classname="TestNG.TestNG.Annotations_2" name="test4" time="0.005"/>
</testsuite> <!-- AnnotationsTest -->
