<?xml version="1.0" encoding="UTF-8"?>
<!-- Generated by org.testng.reporters.JUnitXMLReporter -->
<testsuite ignored="0" hostname="DESKTOP-5BL66H4" failures="2" tests="5" name="ExtentReportTestNGListenerExample" time="0.865" errors="0" timestamp="2023-04-02T14:27:34 IST">
  <testcase classname="ExtentReportTestNGListenerDemo.ExtentReportTestNGListenerExample" name="testMethod1" time="0.024"/>
  <testcase classname="ExtentReportTestNGListenerDemo.ExtentReportTestNGListenerExample" name="testMethod2" time="0.017">
    <failure type="java.lang.AssertionError" message="expected [true] but found [false]">
      <![CDATA[java.lang.AssertionError: expected [true] but found [false]
at ExtentReportTestNGListenerDemo.ExtentReportTestNGListenerExample.testMethod2(ExtentReportTestNGListenerExample.java:20)
at java.base/java.util.ArrayList.forEach(ArrayList.java:1511)
... Removed 29 stack frames]]>
    </failure>
  </testcase> <!-- testMethod2 -->
  <testcase classname="ExtentReportTestNGListenerDemo.ExtentReportTestNGListenerExample" name="testMethod3" time="0.005">
    <failure type="java.lang.AssertionError" message="expected [true] but found [false]">
      <![CDATA[java.lang.AssertionError: expected [true] but found [false]
at ExtentReportTestNGListenerDemo.ExtentReportTestNGListenerExample.testMethod3(ExtentReportTestNGListenerExample.java:27)
at java.base/java.util.ArrayList.forEach(ArrayList.java:1511)
... Removed 29 stack frames]]>
    </failure>
  </testcase> <!-- testMethod3 -->
  <testcase classname="ExtentReportTestNGListenerDemo.ExtentReportTestNGListenerExample" name="testMethod4" time="0.005"/>
  <testcase classname="ExtentReportTestNGListenerDemo.ExtentReportTestNGListenerExample" name="testMethod5" time="0.012">
    <skipped/>
  </testcase> <!-- testMethod5 -->
</testsuite> <!-- ExtentReportTestNGListenerExample -->
