<?xml version="1.0" encoding="UTF-8"?>
<!-- Generated by org.testng.reporters.JUnitXMLReporter -->
<testsuite ignored="0" hostname="DESKTOP-5BL66H4" failures="0" tests="8" name="InvocationCount_Test" time="0.122" errors="0" timestamp="2022-12-09T15:08:44 IST">
  <testcase classname="TestNG.TestNG.InvocationCount" name="testMethod1" time="0.016"/>
  <testcase classname="TestNG.TestNG.InvocationCount" name="testMethod1" time="0.003"/>
  <testcase classname="TestNG.TestNG.InvocationCount" name="testMethod1" time="0.003"/>
  <testcase classname="TestNG.TestNG.InvocationCount" name="testMethod1" time="0.002"/>
  <testcase classname="TestNG.TestNG.InvocationCount" name="testMethod1" time="0.002"/>
  <testcase classname="TestNG.TestNG.InvocationCount" name="testMethod2" time="0.001"/>
  <testcase classname="TestNG.TestNG.InvocationCount" name="testMethod2" time="0.003"/>
  <testcase classname="TestNG.TestNG.InvocationCount" name="testMethod2" time="0.002"/>
</testsuite> <!-- InvocationCount_Test -->
