<?xml version="1.0" encoding="UTF-8"?>
<!-- Generated by org.testng.reporters.JUnitXMLReporter -->
<testsuite ignored="4" hostname="DESKTOP-5BL66H4" failures="0" tests="2" name="Loan" time="0.076" errors="0" timestamp="2022-11-27T21:46:54 IST">
  <testcase classname="TestNG.TestNG.LoanDepartment" name="MobileLoginAutomobileLoan" time="0.018"/>
  <testcase classname="TestNG.TestNG.LoanDepartment" name="MobileLoginPersonalLoan" time="0.004"/>
  <testcase classname="TestNG.TestNG.LoanDepartment" name="WebLoginAutomobileLoan" time="0.0">
    <ignored/>
  </testcase> <!-- WebLoginAutomobileLoan -->
  <testcase classname="TestNG.TestNG.LoanDepartment" name="APILoginPersonalLoan" time="0.0">
    <ignored/>
  </testcase> <!-- APILoginPersonalLoan -->
  <testcase classname="TestNG.TestNG.LoanDepartment" name="APILoginAutomobileLoan" time="0.0">
    <ignored/>
  </testcase> <!-- APILoginAutomobileLoan -->
  <testcase classname="TestNG.TestNG.LoanDepartment" name="WebLoginPersonalLoan" time="0.0">
    <ignored/>
  </testcase> <!-- WebLoginPersonalLoan -->
</testsuite> <!-- Loan -->
