<?xml version="1.0" encoding="UTF-8"?>
<!-- Generated by org.testng.reporters.JUnitXMLReporter -->
<testsuite ignored="0" hostname="DESKTOP-5BL66H4" failures="1" tests="3" name="ListenersDemo" time="14.419" errors="0" timestamp="2022-12-07T22:14:35 IST">
  <testcase classname="TestNG.TestNG.ListenersDemo" name="login" time="14.34"/>
  <testcase classname="TestNG.TestNG.ListenersDemo" name="testFail" time="0.002">
    <failure type="junit.framework.AssertionFailedError">
      <![CDATA[junit.framework.AssertionFailedError
at junit.framework.Assert.fail(Assert.java:47)
at junit.framework.Assert.assertTrue(Assert.java:20)
at junit.framework.Assert.assertTrue(Assert.java:27)
at TestNG.TestNG.ListenersDemo.testFail(ListenersDemo.java:33)
at java.base/java.util.ArrayList.forEach(ArrayList.java:1511)
... Removed 25 stack frames]]>
    </failure>
  </testcase> <!-- testFail -->
  <testcase classname="TestNG.TestNG.ListenersDemo" name="testSkip" time="0.004">
    <skipped/>
  </testcase> <!-- testSkip -->
</testsuite> <!-- ListenersDemo -->
