<?xml version="1.0" encoding="UTF-8"?>
<!-- Generated by org.testng.reporters.JUnitXMLReporter -->
<testsuite ignored="0" hostname="DESKTOP-5BL66H4" failures="0" tests="1" name="TestOnEdge" time="50.684" errors="0" timestamp="2022-12-11T15:07:10 IST">
  <testcase classname="CrossBrowserTesting.CrossBrowserTesting" name="@BeforeMethod LaunchBrowser" time="5.529">
    <failure type="org.openqa.selenium.SessionNotCreatedException" message="Could not start a new session. Response code 500. Message: Expected browser binary location, but unable to find binary in default location, no &amp;apos;moz:firefoxOptions.binary&amp;apos; capability provided, and no binary flag set on the command line 
Host info: host: &amp;apos;DESKTOP-5BL66H4&amp;apos;, ip: &amp;apos;192.168.215.177&amp;apos;
Build info: version: &amp;apos;4.6.0&amp;apos;, revision: &amp;apos;79f1c02ae20&amp;apos;
System info: os.name: &amp;apos;Windows 10&amp;apos;, os.arch: &amp;apos;amd64&amp;apos;, os.version: &amp;apos;10.0&amp;apos;, java.version: &amp;apos;19&amp;apos;
Driver info: org.openqa.selenium.firefox.FirefoxDriver
Command: [null, newSession {capabilities=[Capabilities {acceptInsecureCerts: true, browserName: firefox, moz:debuggerAddress: true, moz:firefoxOptions: {}}], desiredCapabilities=Capabilities {acceptInsecureCerts: true, browserName: firefox, moz:debuggerAddress: true, moz:firefoxOptions: {}}}]">
      <![CDATA[org.openqa.selenium.SessionNotCreatedException: Could not start a new session. Response code 500. Message: Expected browser binary location, but unable to find binary in default location, no 'moz:firefoxOptions.binary' capability provided, and no binary flag set on the command line 
Host info: host: 'DESKTOP-5BL66H4', ip: '192.168.215.177'
Build info: version: '4.6.0', revision: '79f1c02ae20'
System info: os.name: 'Windows 10', os.arch: 'amd64', os.version: '10.0', java.version: '19'
Driver info: org.openqa.selenium.firefox.FirefoxDriver
Command: [null, newSession {capabilities=[Capabilities {acceptInsecureCerts: true, browserName: firefox, moz:debuggerAddress: true, moz:firefoxOptions: {}}], desiredCapabilities=Capabilities {acceptInsecureCerts: true, browserName: firefox, moz:debuggerAddress: true, moz:firefoxOptions: {}}}]
at org.openqa.selenium.remote.ProtocolHandshake.createSession(ProtocolHandshake.java:146)
at org.openqa.selenium.remote.ProtocolHandshake.createSession(ProtocolHandshake.java:101)
at org.openqa.selenium.remote.ProtocolHandshake.createSession(ProtocolHandshake.java:67)
at org.openqa.selenium.remote.HttpCommandExecutor.execute(HttpCommandExecutor.java:156)
at org.openqa.selenium.remote.service.DriverCommandExecutor.invokeExecute(DriverCommandExecutor.java:167)
at org.openqa.selenium.remote.service.DriverCommandExecutor.execute(DriverCommandExecutor.java:142)
at org.openqa.selenium.remote.RemoteWebDriver.execute(RemoteWebDriver.java:541)
at org.openqa.selenium.remote.RemoteWebDriver.startSession(RemoteWebDriver.java:242)
at org.openqa.selenium.remote.RemoteWebDriver.<init>(RemoteWebDriver.java:157)
at org.openqa.selenium.firefox.FirefoxDriver.<init>(FirefoxDriver.java:111)
at org.openqa.selenium.firefox.FirefoxDriver.<init>(FirefoxDriver.java:99)
at org.openqa.selenium.firefox.FirefoxDriver.<init>(FirefoxDriver.java:95)
at CrossBrowserTesting.CrossBrowserTesting.LaunchBrowser(CrossBrowserTesting.java:37)
at java.base/java.util.ArrayList.forEach(ArrayList.java:1511)
at java.base/java.util.concurrent.FutureTask.run(FutureTask.java:317)
at java.base/java.util.concurrent.ThreadPoolExecutor.runWorker(ThreadPoolExecutor.java:1144)
at java.base/java.util.concurrent.ThreadPoolExecutor$Worker.run(ThreadPoolExecutor.java:642)
at java.base/java.lang.Thread.run(Thread.java:1589)
... Removed 19 stack frames]]>
    </failure>
  </testcase> <!-- @BeforeMethod LaunchBrowser -->
  <testcase classname="CrossBrowserTesting.CrossBrowserTesting" name="@AfterMethod Quit" time="0.0">
    <skipped/>
  </testcase> <!-- @AfterMethod Quit -->
  <testcase classname="CrossBrowserTesting.CrossBrowserTesting" name="@BeforeMethod LaunchBrowser" time="50.6">
    <failure type="io.github.bonigarcia.wdm.config.WebDriverManagerException" message="io.github.bonigarcia.wdm.config.WebDriverManagerException: java.net.UnknownHostException: msedgedriver.azureedge.net">
      <![CDATA[io.github.bonigarcia.wdm.config.WebDriverManagerException: io.github.bonigarcia.wdm.config.WebDriverManagerException: java.net.UnknownHostException: msedgedriver.azureedge.net
at io.github.bonigarcia.wdm.WebDriverManager.handleException(WebDriverManager.java:1422)
at io.github.bonigarcia.wdm.WebDriverManager.manage(WebDriverManager.java:1203)
at io.github.bonigarcia.wdm.WebDriverManager.fallback(WebDriverManager.java:1438)
at io.github.bonigarcia.wdm.WebDriverManager.handleException(WebDriverManager.java:1419)
at io.github.bonigarcia.wdm.WebDriverManager.manage(WebDriverManager.java:1203)
at io.github.bonigarcia.wdm.WebDriverManager.handleException(WebDriverManager.java:1412)
at io.github.bonigarcia.wdm.WebDriverManager.manage(WebDriverManager.java:1203)
at io.github.bonigarcia.wdm.WebDriverManager.setup(WebDriverManager.java:418)
at CrossBrowserTesting.CrossBrowserTesting.LaunchBrowser(CrossBrowserTesting.java:31)
at java.base/java.util.ArrayList.forEach(ArrayList.java:1511)
at java.base/java.util.concurrent.FutureTask.run(FutureTask.java:317)
at java.base/java.util.concurrent.ThreadPoolExecutor.runWorker(ThreadPoolExecutor.java:1144)
at java.base/java.util.concurrent.ThreadPoolExecutor$Worker.run(ThreadPoolExecutor.java:642)
at java.base/java.lang.Thread.run(Thread.java:1589)
Caused by: io.github.bonigarcia.wdm.config.WebDriverManagerException: java.net.UnknownHostException: msedgedriver.azureedge.net
at io.github.bonigarcia.wdm.WebDriverManager.getDriversFromXml(WebDriverManager.java:1576)
at io.github.bonigarcia.wdm.managers.EdgeDriverManager.getDriverUrls(EdgeDriverManager.java:113)
at io.github.bonigarcia.wdm.WebDriverManager.createUrlHandler(WebDriverManager.java:1443)
at io.github.bonigarcia.wdm.WebDriverManager.download(WebDriverManager.java:1278)
at io.github.bonigarcia.wdm.WebDriverManager.manage(WebDriverManager.java:1197)
... 31 more
Caused by: java.net.UnknownHostException: msedgedriver.azureedge.net
at java.base/java.net.InetAddress$CachedAddresses.get(InetAddress.java:952)
at java.base/java.net.InetAddress.getAllByName0(InetAddress.java:1658)
at java.base/java.net.InetAddress.getAllByName(InetAddress.java:1524)
at org.apache.hc.client5.http.SystemDefaultDnsResolver.resolve(SystemDefaultDnsResolver.java:43)
at org.apache.hc.client5.http.impl.io.DefaultHttpClientConnectionOperator.connect(DefaultHttpClientConnectionOperator.java:118)
at org.apache.hc.client5.http.impl.io.PoolingHttpClientConnectionManager.connect(PoolingHttpClientConnectionManager.java:396)
at org.apache.hc.client5.http.impl.classic.InternalExecRuntime.connectEndpoint(InternalExecRuntime.java:158)
at org.apache.hc.client5.http.impl.classic.InternalExecRuntime.connectEndpoint(InternalExecRuntime.java:168)
at org.apache.hc.client5.http.impl.classic.ConnectExec.execute(ConnectExec.java:136)
at org.apache.hc.client5.http.impl.classic.ExecChainElement.execute(ExecChainElement.java:51)
at org.apache.hc.client5.http.impl.classic.ExecChainElement$1.proceed(ExecChainElement.java:57)
at org.apache.hc.client5.http.impl.classic.ProtocolExec.execute(ProtocolExec.java:175)
at org.apache.hc.client5.http.impl.classic.ExecChainElement.execute(ExecChainElement.java:51)
at org.apache.hc.client5.http.impl.classic.ExecChainElement$1.proceed(ExecChainElement.java:57)
at org.apache.hc.client5.http.impl.classic.HttpRequestRetryExec.execute(HttpRequestRetryExec.java:96)
at org.apache.hc.client5.http.impl.classic.ExecChainElement.execute(ExecChainElement.java:51)
at org.apache.hc.client5.http.impl.classic.ExecChainElement$1.proceed(ExecChainElement.java:57)
at org.apache.hc.client5.http.impl.classic.ContentCompressionExec.execute(ContentCompressionExec.java:133)
at org.apache.hc.client5.http.impl.classic.ExecChainElement.execute(ExecChainElement.java:51)
at org.apache.hc.client5.http.impl.classic.ExecChainElement$1.proceed(ExecChainElement.java:57)
at org.apache.hc.client5.http.impl.classic.RedirectExec.execute(RedirectExec.java:115)
at org.apache.hc.client5.http.impl.classic.ExecChainElement.execute(ExecChainElement.java:51)
at org.apache.hc.client5.http.impl.classic.InternalHttpClient.doExecute(InternalHttpClient.java:170)
at org.apache.hc.client5.http.impl.classic.CloseableHttpClient.execute(CloseableHttpClient.java:75)
at org.apache.hc.client5.http.impl.classic.CloseableHttpClient.execute(CloseableHttpClient.java:89)
at io.github.bonigarcia.wdm.online.HttpClient.execute(HttpClient.java:158)
at io.github.bonigarcia.wdm.WebDriverManager.getDriversFromXml(WebDriverManager.java:1561)
... 35 more
... Removed 19 stack frames]]>
    </failure>
  </testcase> <!-- @BeforeMethod LaunchBrowser -->
  <testcase classname="CrossBrowserTesting.CrossBrowserTesting" name="@AfterMethod Quit" time="0.0">
    <skipped/>
  </testcase> <!-- @AfterMethod Quit -->
  <testcase classname="CrossBrowserTesting.CrossBrowserTesting" name="verifyTitle" time="0.0">
    <skipped/>
  </testcase> <!-- verifyTitle -->
</testsuite> <!-- TestOnEdge -->
